Using pre-set license
Built from '2021.3/staging' branch; Version is '2021.3.6f1 (7da38d85baf6) revision 8233869'; Using compiler version '192829333'; Build Type 'Release'
OS: 'Windows 11  (10.0.22621) 64bit CoreSingleLanguage' Language: 'en' Physical Memory: 15613 MB
BatchMode: 1, IsHumanControllingUs: 0, StartBugReporterOnCrash: 0, Is64bit: 1, IsPro: 1

COMMAND LINE ARGUMENTS:
C:\Program Files\Unity\Hub\Editor\2021.3.6f1\Editor\Unity.exe
-adb2
-batchMode
-noUpm
-name
AssetImportWorker0
-projectPath
D:/Project Unity/super_stupid_project
-logFile
Logs/AssetImportWorker0.log
-srvPort
62680
Successfully changed project path to: D:/Project Unity/super_stupid_project
D:/Project Unity/super_stupid_project
[UnityMemory] Configuration Parameters - Can be set up in boot.config
    "memorysetup-bucket-allocator-granularity=16"
    "memorysetup-bucket-allocator-bucket-count=8"
    "memorysetup-bucket-allocator-block-size=33554432"
    "memorysetup-bucket-allocator-block-count=8"
    "memorysetup-main-allocator-block-size=16777216"
    "memorysetup-thread-allocator-block-size=16777216"
    "memorysetup-gfx-main-allocator-block-size=16777216"
    "memorysetup-gfx-thread-allocator-block-size=16777216"
    "memorysetup-cache-allocator-block-size=4194304"
    "memorysetup-typetree-allocator-block-size=2097152"
    "memorysetup-profiler-bucket-allocator-granularity=16"
    "memorysetup-profiler-bucket-allocator-bucket-count=8"
    "memorysetup-profiler-bucket-allocator-block-size=33554432"
    "memorysetup-profiler-bucket-allocator-block-count=8"
    "memorysetup-profiler-allocator-block-size=16777216"
    "memorysetup-profiler-editor-allocator-block-size=1048576"
    "memorysetup-temp-allocator-size-main=16777216"
    "memorysetup-job-temp-allocator-block-size=2097152"
    "memorysetup-job-temp-allocator-block-size-background=1048576"
    "memorysetup-job-temp-allocator-reduction-small-platforms=262144"
    "memorysetup-temp-allocator-size-background-worker=32768"
    "memorysetup-temp-allocator-size-job-worker=262144"
    "memorysetup-temp-allocator-size-preload-manager=33554432"
    "memorysetup-temp-allocator-size-nav-mesh-worker=65536"
    "memorysetup-temp-allocator-size-audio-worker=65536"
    "memorysetup-temp-allocator-size-cloud-worker=32768"
    "memorysetup-temp-allocator-size-gi-baking-worker=262144"
    "memorysetup-temp-allocator-size-gfx=262144"
Refreshing native plugins compatible for Editor in 64.50 ms, found 3 plugins.
Preloading 0 native plugins for Editor in 0.00 ms.
Initialize engine version: 2021.3.6f1 (7da38d85baf6)
[Subsystems] Discovering subsystems at path C:/Program Files/Unity/Hub/Editor/2021.3.6f1/Editor/Data/Resources/UnitySubsystems
[Subsystems] Discovering subsystems at path D:/Project Unity/super_stupid_project/Assets
GfxDevice: creating device client; threaded=0; jobified=0
Direct3D:
    Version:  Direct3D 11.0 [level 11.1]
    Renderer: NVIDIA GeForce RTX 3060 Laptop GPU (ID=0x2520)
    Vendor:   NVIDIA
    VRAM:     6009 MB
    Driver:   31.0.15.2756
Initialize mono
Mono path[0] = 'C:/Program Files/Unity/Hub/Editor/2021.3.6f1/Editor/Data/Managed'
Mono path[1] = 'C:/Program Files/Unity/Hub/Editor/2021.3.6f1/Editor/Data/MonoBleedingEdge/lib/mono/unityjit-win32'
Mono config path = 'C:/Program Files/Unity/Hub/Editor/2021.3.6f1/Editor/Data/MonoBleedingEdge/etc'
Using monoOptions --debugger-agent=transport=dt_socket,embedding=1,server=y,suspend=n,address=127.0.0.1:56072
Begin MonoManager ReloadAssembly
Registering precompiled unity dll's ...
Register platform support module: C:/Program Files/Unity/Hub/Editor/2021.3.6f1/Editor/Data/PlaybackEngines/WebGLSupport/UnityEditor.WebGL.Extensions.dll
Register platform support module: C:/Program Files/Unity/Hub/Editor/2021.3.6f1/Editor/Data/PlaybackEngines/AndroidPlayer/UnityEditor.Android.Extensions.dll
Register platform support module: C:/Program Files/Unity/Hub/Editor/2021.3.6f1/Editor/Data/PlaybackEngines/iOSSupport/UnityEditor.iOS.Extensions.dll
Register platform support module: C:/Program Files/Unity/Hub/Editor/2021.3.6f1/Editor/Data/PlaybackEngines/WindowsStandaloneSupport/UnityEditor.WindowsStandalone.Extensions.dll
Registered in 0.004611 seconds.
Native extension for WindowsStandalone target not found
[usbmuxd] Start listen thread
[usbmuxd] Listen thread started
Native extension for iOS target not found
Native extension for Android target not found
Native extension for WebGL target not found
Refreshing native plugins compatible for Editor in 70.23 ms, found 3 plugins.
Preloading 0 native plugins for Editor in 0.00 ms.
Mono: successfully reloaded assembly
- Completed reload, in  0.541 seconds
Domain Reload Profiling:
	ReloadAssembly (541ms)
		BeginReloadAssembly (54ms)
			ExecutionOrderSort (0ms)
			DisableScriptedObjects (0ms)
			BackupInstance (0ms)
			ReleaseScriptingObjects (0ms)
			CreateAndSetChildDomain (1ms)
		EndReloadAssembly (409ms)
			LoadAssemblies (53ms)
			RebuildTransferFunctionScriptingTraits (0ms)
			SetupTypeCache (95ms)
			ReleaseScriptCaches (0ms)
			RebuildScriptCaches (23ms)
			SetupLoadedEditorAssemblies (250ms)
				LogAssemblyErrors (0ms)
				InitializePlatformSupportModulesInManaged (54ms)
				SetLoadedEditorAssemblies (0ms)
				RefreshPlugins (70ms)
				BeforeProcessingInitializeOnLoad (1ms)
				ProcessInitializeOnLoadAttributes (82ms)
				ProcessInitializeOnLoadMethodAttributes (42ms)
				AfterProcessingInitializeOnLoad (0ms)
				EditorAssembliesLoaded (0ms)
			ExecutionOrderSort2 (0ms)
			AwakeInstancesAfterBackupRestoration (0ms)
Platform modules already initialized, skipping
Registering precompiled user dll's ...
Registered in 0.003461 seconds.
Begin MonoManager ReloadAssembly
Symbol file LoadedFromMemory doesn't match image D:\Project Unity\super_stupid_project\Library\PackageCache\com.unity.visualscripting@1.7.8\Editor\VisualScripting.Core\Dependencies\YamlDotNet\Unity.VisualScripting.YamlDotNet.dll
Symbol file LoadedFromMemory doesn't match image D:\Project Unity\super_stupid_project\Library\PackageCache\com.unity.visualscripting@1.7.8\Editor\VisualScripting.Core\Dependencies\DotNetZip\Unity.VisualScripting.IonicZip.dll
Native extension for WindowsStandalone target not found
Native extension for iOS target not found
Native extension for Android target not found
Native extension for WebGL target not found
Refreshing native plugins compatible for Editor in 0.86 ms, found 3 plugins.
Preloading 0 native plugins for Editor in 0.00 ms.
Mono: successfully reloaded assembly
- Completed reload, in  0.961 seconds
Domain Reload Profiling:
	ReloadAssembly (962ms)
		BeginReloadAssembly (205ms)
			ExecutionOrderSort (0ms)
			DisableScriptedObjects (6ms)
			BackupInstance (0ms)
			ReleaseScriptingObjects (0ms)
			CreateAndSetChildDomain (127ms)
		EndReloadAssembly (666ms)
			LoadAssemblies (69ms)
			RebuildTransferFunctionScriptingTraits (0ms)
			SetupTypeCache (224ms)
			ReleaseScriptCaches (1ms)
			RebuildScriptCaches (41ms)
			SetupLoadedEditorAssemblies (298ms)
				LogAssemblyErrors (0ms)
				InitializePlatformSupportModulesInManaged (19ms)
				SetLoadedEditorAssemblies (0ms)
				RefreshPlugins (1ms)
				BeforeProcessingInitializeOnLoad (71ms)
				ProcessInitializeOnLoadAttributes (180ms)
				ProcessInitializeOnLoadMethodAttributes (22ms)
				AfterProcessingInitializeOnLoad (5ms)
				EditorAssembliesLoaded (0ms)
			ExecutionOrderSort2 (0ms)
			AwakeInstancesAfterBackupRestoration (4ms)
Platform modules already initialized, skipping
========================================================================
Worker process is ready to serve import requests
Launched and connected shader compiler UnityShaderCompiler.exe after 0.04 seconds
Refreshing native plugins compatible for Editor in 1.03 ms, found 3 plugins.
Preloading 0 native plugins for Editor in 0.00 ms.
Unloading 3454 Unused Serialized files (Serialized files now loaded: 0)
Unloading 27 unused Assets / (111.8 KB). Loaded Objects now: 3934.
Memory consumption went from 137.8 MB to 137.7 MB.
Total: 4.439800 ms (FindLiveObjects: 0.360900 ms CreateObjectMapping: 0.147600 ms MarkObjects: 3.770400 ms  DeleteObjects: 0.159200 ms)

AssetImportParameters requested are different than current active one (requested -> active):
  custom:video-decoder-ogg-theora: a1e56fd34408186e4bbccfd4996cb3dc -> 
  custom:container-muxer-webm: aa71ff27fc2769a1b78a27578f13a17b -> 
  custom:container-demuxer-webm: 4f35f7cbe854078d1ac9338744f61a02 -> 
  custom:video-encoder-webm-vp8: eb34c28f22e8b96e1ab97ce403110664 -> 
  custom:video-codec-MediaFoundation-h265: 746d11721c4dcdbdad8f713fa42b33f4 -> 
  custom:audio-encoder-webm-vorbis: bf7c407c2cedff20999df2af8eb42d56 -> 
  custom:framework-win-MediaFoundation: 216162199b28c13a410421893ffa2e32 -> 
  custom:container-demuxer-ogg: 62fdf1f143b41e24485cea50d1cbac27 -> 
  custom:video-decoder-webm-vp8: 9c59270c3fd7afecdb556c50c9e8de78 -> 
  custom:audio-decoder-ogg-vorbis: bf7c407c2cedff20999df2af8eb42d56 -> 
========================================================================
Received Import Request.
  Time since last request: 397551.092095 seconds.
  path: Assets/Materials/RoadTexture.png
  artifactKey: Guid(cc830cd4d6bf6e449b75aecf3f3da5a4) Importer(815301076,1909f56bfc062723c751e8b465ee728b)
Start importing Assets/Materials/RoadTexture.png using Guid(cc830cd4d6bf6e449b75aecf3f3da5a4) Importer(815301076,1909f56bfc062723c751e8b465ee728b)  -> (artifact id: 'd8d01d6fedf59e18fd65902f7a2c3b62') in 0.072854 seconds 
========================================================================
Received Import Request.
  Time since last request: 877.567586 seconds.
  path: Assets/Materials/RoadTexture.png
  artifactKey: Guid(cc830cd4d6bf6e449b75aecf3f3da5a4) Importer(815301076,1909f56bfc062723c751e8b465ee728b)
Start importing Assets/Materials/RoadTexture.png using Guid(cc830cd4d6bf6e449b75aecf3f3da5a4) Importer(815301076,1909f56bfc062723c751e8b465ee728b)  -> (artifact id: 'ea5b99d62a747fa4c39c3a8d0bd4e93d') in 0.049713 seconds 
========================================================================
Received Import Request.
  Time since last request: 9.038041 seconds.
  path: Assets/Materials/RoadTop.mat
  artifactKey: Guid(bce23b165a691b744901f6d37cf4af12) Importer(815301076,1909f56bfc062723c751e8b465ee728b)
Start importing Assets/Materials/RoadTop.mat using Guid(bce23b165a691b744901f6d37cf4af12) Importer(815301076,1909f56bfc062723c751e8b465ee728b)  -> (artifact id: '11c0b00247bd683ae9c2e028eebdfd5e') in 0.044031 seconds 
========================================================================
Received Import Request.
  Time since last request: 495.364333 seconds.
  path: Assets/Materials/RoadTexture.png
  artifactKey: Guid(cc830cd4d6bf6e449b75aecf3f3da5a4) Importer(815301076,1909f56bfc062723c751e8b465ee728b)
Start importing Assets/Materials/RoadTexture.png using Guid(cc830cd4d6bf6e449b75aecf3f3da5a4) Importer(815301076,1909f56bfc062723c751e8b465ee728b)  -> (artifact id: '08ee09c621df2e24e7ad117b9e254cae') in 0.013535 seconds 
========================================================================
Received Import Request.
  Time since last request: 46.283496 seconds.
  path: Assets/Materials/RoadTexture.png
  artifactKey: Guid(cc830cd4d6bf6e449b75aecf3f3da5a4) Importer(815301076,1909f56bfc062723c751e8b465ee728b)
Start importing Assets/Materials/RoadTexture.png using Guid(cc830cd4d6bf6e449b75aecf3f3da5a4) Importer(815301076,1909f56bfc062723c751e8b465ee728b)  -> (artifact id: '3a795a1ecfddc7e41947ebbb7f52d241') in 0.013914 seconds 
========================================================================
Received Import Request.
  Time since last request: 30.888675 seconds.
  path: Assets/Materials/RoadSide.mat
  artifactKey: Guid(ed5bb7f204da5d547acc3bb7d59d987f) Importer(815301076,1909f56bfc062723c751e8b465ee728b)
Start importing Assets/Materials/RoadSide.mat using Guid(ed5bb7f204da5d547acc3bb7d59d987f) Importer(815301076,1909f56bfc062723c751e8b465ee728b)  -> (artifact id: 'a628da0ad59ac1491606481d3e1722e0') in 0.014090 seconds 
========================================================================
Received Import Request.
  Time since last request: 109.003752 seconds.
  path: Assets/Materials/RoadSide.mat
  artifactKey: Guid(ed5bb7f204da5d547acc3bb7d59d987f) Importer(815301076,1909f56bfc062723c751e8b465ee728b)
Start importing Assets/Materials/RoadSide.mat using Guid(ed5bb7f204da5d547acc3bb7d59d987f) Importer(815301076,1909f56bfc062723c751e8b465ee728b)  -> (artifact id: 'ec12c09e3080c16c55e47cf1b7fe1dc7') in 0.015089 seconds 
========================================================================
Received Prepare
Registering precompiled user dll's ...
Registered in 0.004379 seconds.
Begin MonoManager ReloadAssembly
Symbol file LoadedFromMemory doesn't match image D:\Project Unity\super_stupid_project\Library\PackageCache\com.unity.visualscripting@1.7.8\Editor\VisualScripting.Core\Dependencies\YamlDotNet\Unity.VisualScripting.YamlDotNet.dll
Symbol file LoadedFromMemory doesn't match image D:\Project Unity\super_stupid_project\Library\PackageCache\com.unity.visualscripting@1.7.8\Editor\VisualScripting.Core\Dependencies\DotNetZip\Unity.VisualScripting.IonicZip.dll
Native extension for WindowsStandalone target not found
Native extension for iOS target not found
Native extension for Android target not found
Native extension for WebGL target not found
Refreshing native plugins compatible for Editor in 1.41 ms, found 3 plugins.
Preloading 0 native plugins for Editor in 0.00 ms.
Mono: successfully reloaded assembly
- Completed reload, in  1.177 seconds
Domain Reload Profiling:
	ReloadAssembly (1177ms)
		BeginReloadAssembly (169ms)
			ExecutionOrderSort (0ms)
			DisableScriptedObjects (6ms)
			BackupInstance (0ms)
			ReleaseScriptingObjects (0ms)
			CreateAndSetChildDomain (46ms)
		EndReloadAssembly (890ms)
			LoadAssemblies (111ms)
			RebuildTransferFunctionScriptingTraits (0ms)
			SetupTypeCache (306ms)
			ReleaseScriptCaches (2ms)
			RebuildScriptCaches (46ms)
			SetupLoadedEditorAssemblies (396ms)
				LogAssemblyErrors (0ms)
				InitializePlatformSupportModulesInManaged (43ms)
				SetLoadedEditorAssemblies (1ms)
				RefreshPlugins (1ms)
				BeforeProcessingInitializeOnLoad (94ms)
				ProcessInitializeOnLoadAttributes (218ms)
				ProcessInitializeOnLoadMethodAttributes (30ms)
				AfterProcessingInitializeOnLoad (9ms)
				EditorAssembliesLoaded (0ms)
			ExecutionOrderSort2 (0ms)
			AwakeInstancesAfterBackupRestoration (6ms)
Platform modules already initialized, skipping
Refreshing native plugins compatible for Editor in 2.60 ms, found 3 plugins.
Preloading 0 native plugins for Editor in 0.00 ms.
Unloading 3447 Unused Serialized files (Serialized files now loaded: 0)
Unloading 20 unused Assets / (79.5 KB). Loaded Objects now: 3979.
Memory consumption went from 142.1 MB to 142.0 MB.
Total: 2.977500 ms (FindLiveObjects: 0.279400 ms CreateObjectMapping: 0.075500 ms MarkObjects: 2.541900 ms  DeleteObjects: 0.080200 ms)

AssetImportParameters requested are different than current active one (requested -> active):
  custom:video-decoder-ogg-theora: a1e56fd34408186e4bbccfd4996cb3dc -> 
  custom:container-muxer-webm: aa71ff27fc2769a1b78a27578f13a17b -> 
  custom:container-demuxer-webm: 4f35f7cbe854078d1ac9338744f61a02 -> 
  custom:video-encoder-webm-vp8: eb34c28f22e8b96e1ab97ce403110664 -> 
  custom:video-codec-MediaFoundation-h265: 746d11721c4dcdbdad8f713fa42b33f4 -> 
  custom:audio-encoder-webm-vorbis: bf7c407c2cedff20999df2af8eb42d56 -> 
  custom:framework-win-MediaFoundation: 216162199b28c13a410421893ffa2e32 -> 
  custom:container-demuxer-ogg: 62fdf1f143b41e24485cea50d1cbac27 -> 
  custom:video-decoder-webm-vp8: 9c59270c3fd7afecdb556c50c9e8de78 -> 
  custom:audio-decoder-ogg-vorbis: bf7c407c2cedff20999df2af8eb42d56 -> 
========================================================================
Received Import Request.
  Time since last request: 302.435068 seconds.
  path: Assets/3D_Models/FinishLine.fbx
  artifactKey: Guid(511f90b24f6e8924ca5a721fcc4d7fe1) Importer(815301076,1909f56bfc062723c751e8b465ee728b)
Start importing Assets/3D_Models/FinishLine.fbx using Guid(511f90b24f6e8924ca5a721fcc4d7fe1) Importer(815301076,1909f56bfc062723c751e8b465ee728b)  -> (artifact id: '8e379e68458328572b13765c2223d29a') in 0.095118 seconds 
========================================================================
Received Import Request.
  Time since last request: 116.254636 seconds.
  path: Assets/3D_Models/FinishLine.mat
  artifactKey: Guid(a1fac0533484f1f4787487808cf1d1a0) Importer(815301076,1909f56bfc062723c751e8b465ee728b)
Start importing Assets/3D_Models/FinishLine.mat using Guid(a1fac0533484f1f4787487808cf1d1a0) Importer(815301076,1909f56bfc062723c751e8b465ee728b)  -> (artifact id: 'e24add02469c4444f7e80e4d660a38b6') in 0.011775 seconds 
========================================================================
Received Import Request.
  Time since last request: 181.966095 seconds.
  path: Assets/3D_Models/seal baby race.png
  artifactKey: Guid(02651ea23a681e243bf88cef9a444b89) Importer(815301076,1909f56bfc062723c751e8b465ee728b)
Start importing Assets/3D_Models/seal baby race.png using Guid(02651ea23a681e243bf88cef9a444b89) Importer(815301076,1909f56bfc062723c751e8b465ee728b)  -> (artifact id: 'f666f22fd2785baa450685b2ca8c6f8d') in 0.018878 seconds 
========================================================================
Received Import Request.
  Time since last request: 1099.983365 seconds.
  path: Assets/3D_Models/FinishLine.mat
  artifactKey: Guid(a1fac0533484f1f4787487808cf1d1a0) Importer(815301076,1909f56bfc062723c751e8b465ee728b)
Start importing Assets/3D_Models/FinishLine.mat using Guid(a1fac0533484f1f4787487808cf1d1a0) Importer(815301076,1909f56bfc062723c751e8b465ee728b)  -> (artifact id: 'c63a1fdde81364085888947c61f71384') in 0.075357 seconds 
========================================================================
Received Import Request.
  Time since last request: 58.776958 seconds.
  path: Assets/Scenes
  artifactKey: Guid(6ea315d0fd7389c41b19996891e99ae3) Importer(815301076,1909f56bfc062723c751e8b465ee728b)
Start importing Assets/Scenes using Guid(6ea315d0fd7389c41b19996891e99ae3) Importer(815301076,1909f56bfc062723c751e8b465ee728b)  -> (artifact id: 'b8193726cff86800c54781cdc6d54904') in 0.005711 seconds 
========================================================================
Received Import Request.
  Time since last request: 132.011168 seconds.
  path: Assets/Scenes/SampleScene.unity
  artifactKey: Guid(9fc0d4010bbf28b4594072e72b8655ab) Importer(815301076,1909f56bfc062723c751e8b465ee728b)
Start importing Assets/Scenes/SampleScene.unity using Guid(9fc0d4010bbf28b4594072e72b8655ab) Importer(815301076,1909f56bfc062723c751e8b465ee728b)  -> (artifact id: '4edd24502187ffca98aacd582910e71e') in 0.005469 seconds 
========================================================================
Received Import Request.
  Time since last request: 162.989380 seconds.
  path: Assets/3D_Models/cuptown.fbx
  artifactKey: Guid(3475c8dffde6a114a997313c155fa8c6) Importer(815301076,1909f56bfc062723c751e8b465ee728b)
Start importing Assets/3D_Models/cuptown.fbx using Guid(3475c8dffde6a114a997313c155fa8c6) Importer(815301076,1909f56bfc062723c751e8b465ee728b)  -> (artifact id: '889dfaf7c3d4cf21d5cc9359906d3938') in 0.050179 seconds 
========================================================================
Received Import Request.
  Time since last request: 123.955424 seconds.
  path: Assets/3D_Models/TrophyCup.mat
  artifactKey: Guid(d752ea9577fef9246b6eac6fc2178c63) Importer(815301076,1909f56bfc062723c751e8b465ee728b)
Start importing Assets/3D_Models/TrophyCup.mat using Guid(d752ea9577fef9246b6eac6fc2178c63) Importer(815301076,1909f56bfc062723c751e8b465ee728b)  -> (artifact id: '5d99ad796b28d5dcf0977795d9d4b407') in 0.011382 seconds 
========================================================================
Received Import Request.
  Time since last request: 25.213640 seconds.
  path: Assets/3D_Models/TrophyCup 1.mat
  artifactKey: Guid(5872a0c6e2fb9aa4b9782fb77a63e649) Importer(815301076,1909f56bfc062723c751e8b465ee728b)
Start importing Assets/3D_Models/TrophyCup 1.mat using Guid(5872a0c6e2fb9aa4b9782fb77a63e649) Importer(815301076,1909f56bfc062723c751e8b465ee728b)  -> (artifact id: '4d53a7cff6f32f38bc5080e84a98a6db') in 0.012595 seconds 
========================================================================
Received Import Request.
  Time since last request: 3.783626 seconds.
  path: Assets/3D_Models/TrophyBot.mat
  artifactKey: Guid(5872a0c6e2fb9aa4b9782fb77a63e649) Importer(815301076,1909f56bfc062723c751e8b465ee728b)
Start importing Assets/3D_Models/TrophyBot.mat using Guid(5872a0c6e2fb9aa4b9782fb77a63e649) Importer(815301076,1909f56bfc062723c751e8b465ee728b)  -> (artifact id: '4535f7d8d3081e1adcaa6482560214a5') in 0.014318 seconds 
========================================================================
Received Import Request.
  Time since last request: 7.404264 seconds.
  path: Assets/3D_Models/TrophyBot 1.mat
  artifactKey: Guid(0c884bb5d83f9cc4fa4a485519a6de02) Importer(815301076,1909f56bfc062723c751e8b465ee728b)
Start importing Assets/3D_Models/TrophyBot 1.mat using Guid(0c884bb5d83f9cc4fa4a485519a6de02) Importer(815301076,1909f56bfc062723c751e8b465ee728b)  -> (artifact id: '6524e195fe32fad674a589b59249d25c') in 0.011220 seconds 
========================================================================
Received Import Request.
  Time since last request: 4.925679 seconds.
  path: Assets/3D_Models/TrophySide.mat
  artifactKey: Guid(0c884bb5d83f9cc4fa4a485519a6de02) Importer(815301076,1909f56bfc062723c751e8b465ee728b)
Start importing Assets/3D_Models/TrophySide.mat using Guid(0c884bb5d83f9cc4fa4a485519a6de02) Importer(815301076,1909f56bfc062723c751e8b465ee728b)  -> (artifact id: '418eae5f44ef09df7d7152aa3c517898') in 0.012728 seconds 
========================================================================
Received Import Request.
  Time since last request: 44.753652 seconds.
  path: Assets/3D_Models/TrophyCup.mat
  artifactKey: Guid(d752ea9577fef9246b6eac6fc2178c63) Importer(815301076,1909f56bfc062723c751e8b465ee728b)
Start importing Assets/3D_Models/TrophyCup.mat using Guid(d752ea9577fef9246b6eac6fc2178c63) Importer(815301076,1909f56bfc062723c751e8b465ee728b)  -> (artifact id: '970a9688c223603205fa69ec4fc3fea1') in 0.012646 seconds 
========================================================================
Received Prepare
Registering precompiled user dll's ...
Registered in 0.003160 seconds.
Begin MonoManager ReloadAssembly
Symbol file LoadedFromMemory doesn't match image D:\Project Unity\super_stupid_project\Library\PackageCache\com.unity.visualscripting@1.7.8\Editor\VisualScripting.Core\Dependencies\YamlDotNet\Unity.VisualScripting.YamlDotNet.dll
Symbol file LoadedFromMemory doesn't match image D:\Project Unity\super_stupid_project\Library\PackageCache\com.unity.visualscripting@1.7.8\Editor\VisualScripting.Core\Dependencies\DotNetZip\Unity.VisualScripting.IonicZip.dll
Native extension for WindowsStandalone target not found
Native extension for iOS target not found
Native extension for Android target not found
Native extension for WebGL target not found
Refreshing native plugins compatible for Editor in 0.60 ms, found 3 plugins.
Preloading 0 native plugins for Editor in 0.00 ms.
Mono: successfully reloaded assembly
- Completed reload, in  0.840 seconds
Domain Reload Profiling:
	ReloadAssembly (840ms)
		BeginReloadAssembly (112ms)
			ExecutionOrderSort (0ms)
			DisableScriptedObjects (3ms)
			BackupInstance (0ms)
			ReleaseScriptingObjects (0ms)
			CreateAndSetChildDomain (38ms)
		EndReloadAssembly (652ms)
			LoadAssemblies (66ms)
			RebuildTransferFunctionScriptingTraits (0ms)
			SetupTypeCache (212ms)
			ReleaseScriptCaches (1ms)
			RebuildScriptCaches (37ms)
			SetupLoadedEditorAssemblies (293ms)
				LogAssemblyErrors (0ms)
				InitializePlatformSupportModulesInManaged (32ms)
				SetLoadedEditorAssemblies (0ms)
				RefreshPlugins (1ms)
				BeforeProcessingInitializeOnLoad (59ms)
				ProcessInitializeOnLoadAttributes (170ms)
				ProcessInitializeOnLoadMethodAttributes (26ms)
				AfterProcessingInitializeOnLoad (5ms)
				EditorAssembliesLoaded (0ms)
			ExecutionOrderSort2 (0ms)
			AwakeInstancesAfterBackupRestoration (5ms)
Platform modules already initialized, skipping
Refreshing native plugins compatible for Editor in 1.72 ms, found 3 plugins.
Preloading 0 native plugins for Editor in 0.00 ms.
Unloading 3447 Unused Serialized files (Serialized files now loaded: 0)
Unloading 20 unused Assets / (79.6 KB). Loaded Objects now: 3986.
Memory consumption went from 142.3 MB to 142.2 MB.
Total: 4.056800 ms (FindLiveObjects: 0.375000 ms CreateObjectMapping: 0.207800 ms MarkObjects: 3.331100 ms  DeleteObjects: 0.141900 ms)

AssetImportParameters requested are different than current active one (requested -> active):
  custom:video-decoder-ogg-theora: a1e56fd34408186e4bbccfd4996cb3dc -> 
  custom:container-muxer-webm: aa71ff27fc2769a1b78a27578f13a17b -> 
  custom:container-demuxer-webm: 4f35f7cbe854078d1ac9338744f61a02 -> 
  custom:video-encoder-webm-vp8: eb34c28f22e8b96e1ab97ce403110664 -> 
  custom:video-codec-MediaFoundation-h265: 746d11721c4dcdbdad8f713fa42b33f4 -> 
  custom:audio-encoder-webm-vorbis: bf7c407c2cedff20999df2af8eb42d56 -> 
  custom:framework-win-MediaFoundation: 216162199b28c13a410421893ffa2e32 -> 
  custom:container-demuxer-ogg: 62fdf1f143b41e24485cea50d1cbac27 -> 
  custom:video-decoder-webm-vp8: 9c59270c3fd7afecdb556c50c9e8de78 -> 
  custom:audio-decoder-ogg-vorbis: bf7c407c2cedff20999df2af8eb42d56 -> 
